<?xml version="1.0" encoding="UTF-8"?>
<!-- Generated by org.testng.reporters.JUnitReportReporter -->
<testsuite hostname="DeathStar2pt0" failures="0" tests="1" name="chromeTest2" time="19.766" errors="0" timestamp="2021-10-30T18:06:23 EDT" skipped="0">
  <testcase classname="chromeTest2" name="test2" time="19.766"/>
  <system-out/>
</testsuite> <!-- chromeTest2 -->
