<?xml version="1.0" encoding="UTF-8"?>
<!-- Generated by org.testng.reporters.JUnitReportReporter -->
<testsuite hostname="DeathStar2pt0" failures="0" tests="1" name="chromeTest3" time="30.432" errors="0" timestamp="2021-10-30T18:06:23 EDT" skipped="0">
  <testcase classname="chromeTest3" name="test3" time="30.432"/>
  <system-out/>
</testsuite> <!-- chromeTest3 -->
