<?xml version="1.0" encoding="UTF-8"?>
<!-- Generated by org.testng.reporters.JUnitReportReporter -->
<testsuite hostname="DeathStar2pt0" failures="0" tests="1" name="chromeTest1" time="21.126" errors="0" timestamp="2021-10-30T18:06:23 EDT" skipped="0">
  <testcase classname="chromeTest1" name="test1" time="21.126"/>
  <system-out/>
</testsuite> <!-- chromeTest1 -->
